2023-02-14T13:17:54.862Z [[31merror[39m] : *** Authentication Error 
2023-02-14T13:23:15.587Z [[31merror[39m] : UserInfo is not defined 
2023-02-14T13:23:15.588Z [[31merror[39m] : *** Authentication Error 
2023-02-14T13:58:50.640Z [[31merror[39m] : Error: 403 - Forbidden 
2023-02-14T13:59:08.144Z [[31merror[39m] : Error: 403 - Forbidden 
2023-02-14T14:01:12.527Z [[31merror[39m] : Error: 403 - Forbidden 
2023-02-14T14:01:17.697Z [[31merror[39m] : Error: 403 - Forbidden 
2023-02-14T14:08:22.210Z [[31merror[39m] : Error: 403 - Forbidden 
2023-02-14T18:34:57.969Z [[31merror[39m] : 502 
2023-02-14T18:34:57.970Z [[31merror[39m] : Bad Gateway 
2023-02-14T18:35:03.447Z [[31merror[39m] : 502 
2023-02-14T18:35:03.448Z [[31merror[39m] : Bad Gateway 
2023-02-14T18:36:02.228Z [[31merror[39m] : 502 
2023-02-14T18:36:02.231Z [[31merror[39m] : Bad Gateway 
2023-02-14T18:36:06.468Z [[31merror[39m] : 502 
2023-02-14T18:36:06.469Z [[31merror[39m] : Bad Gateway 
2023-02-14T18:36:10.948Z [[31merror[39m] : 502 
2023-02-14T18:36:10.949Z [[31merror[39m] : Bad Gateway 
2023-02-14T18:40:25.816Z [[31merror[39m] : Error: 403 - Forbidden 
2023-02-14T18:51:39.448Z [[31merror[39m] : 401 
2023-02-14T18:51:39.449Z [[31merror[39m] : Unauthorized 
2023-02-14T18:51:54.835Z [[31merror[39m] : 401 
2023-02-14T18:51:54.835Z [[31merror[39m] : Unauthorized 
2023-02-14T18:52:09.580Z [[31merror[39m] : 401 
2023-02-14T18:52:09.581Z [[31merror[39m] : Unauthorized 
2023-02-14T18:56:36.722Z [[31merror[39m] : 401 
2023-02-14T18:56:36.723Z [[31merror[39m] : Unauthorized 
2023-02-14T18:57:32.875Z [[31merror[39m] : 401 
2023-02-14T18:57:32.875Z [[31merror[39m] : Unauthorized 
2023-02-14T18:59:03.846Z [[31merror[39m] : 401 
2023-02-14T18:59:03.847Z [[31merror[39m] : Unauthorized 
2023-02-14T18:59:38.374Z [[31merror[39m] : 403 
2023-02-14T18:59:38.374Z [[31merror[39m] : Forbidden 
2023-02-14T19:36:03.887Z [[31merror[39m] : Error: 403 - Forbidden 
2023-02-14T19:36:35.153Z [[31merror[39m] : Error: 403 - Forbidden 
2023-02-14T19:37:07.995Z [[31merror[39m] : Error: 403 - Forbidden 
2023-02-14T19:43:07.350Z [[31merror[39m] : Error: 403 - Forbidden 
2/14/2023, 2:45:45 PM [[31merror[39m] : Error: 403 - Forbidden 
2/14/2023, 2:46:57 PM [[31merror[39m] : Error: 403 - Forbidden 
Tue Feb 14 2023 14:47:08 GMT-0500 (Eastern Standard Time) [[31merror[39m] : Error: 403 - Forbidden 
2023-02-14T19:48:06.457Z [[31merror[39m] : Error: 403 - Forbidden 
14:48:49 GMT-0500 (Eastern Standard Time) [[31merror[39m] : Error: 403 - Forbidden 
15:41:24 GMT-0500 (Eastern Standard Time) [[31merror[39m] : 502 
15:41:24 GMT-0500 (Eastern Standard Time) [[31merror[39m] : Bad Gateway 
15:52:37 GMT-0500 (Eastern Standard Time) [[31merror[39m] : Error: undefined  
15:53:10 GMT-0500 (Eastern Standard Time) [[31merror[39m] : Error: TypeError [ERR_INVALID_URL]: Invalid URL  
15:53:56 GMT-0500 (Eastern Standard Time) [[31merror[39m] : Error: TypeError [ERR_INVALID_URL]: Invalid URL  
15:55:12 GMT-0500 (Eastern Standard Time) [[31merror[39m] : Error: 403 - Forbidden 
15:56:56 GMT-0500 (Eastern Standard Time) [[31merror[39m] : Error: 403 - Forbidden 
15:59:56 GMT-0500 (Eastern Standard Time) [[31merror[39m] : 403 
15:59:56 GMT-0500 (Eastern Standard Time) [[31merror[39m] : Forbidden 
16:03:08 GMT-0500 (Eastern Standard Time) [[31merror[39m] : 403 
16:03:08 GMT-0500 (Eastern Standard Time) [[31merror[39m] : Forbidden 
16:04:25 GMT-0500 (Eastern Standard Time) [[31merror[39m] : Error: 403 - Forbidden 
16:20:36 GMT-0500 (Eastern Standard Time) [[31merror[39m] : 403 
16:20:36 GMT-0500 (Eastern Standard Time) [[31merror[39m] : Forbidden 
16:21:17 GMT-0500 (Eastern Standard Time) [[31merror[39m] : Error: 403 - Forbidden 
17:32:57 GMT-0500 (Eastern Standard Time) [[31merror[39m] : 403 
17:32:57 GMT-0500 (Eastern Standard Time) [[31merror[39m] : Forbidden 
18:17:49 GMT-0500 (Eastern Standard Time) [[31merror[39m] : Error: 403 - Forbidden 
08:13:05 GMT-0500 (Eastern Standard Time) [[31merror[39m] : Error: 403 - Forbidden 
11:31:21 GMT-0500 (Eastern Standard Time) [[31merror[39m] : 502 
11:31:21 GMT-0500 (Eastern Standard Time) [[31merror[39m] : Bad Gateway 
11:36:33 GMT-0500 (Eastern Standard Time) [[31merror[39m] : 502 
11:36:33 GMT-0500 (Eastern Standard Time) [[31merror[39m] : Bad Gateway 
13:03:56 GMT-0500 (Eastern Standard Time) [[31merror[39m] : *** Authentication Error 
15:21:32 GMT-0500 (Eastern Standard Time) [[31merror[39m] : 403 
15:21:32 GMT-0500 (Eastern Standard Time) [[31merror[39m] : Forbidden 
15:21:49 GMT-0500 (Eastern Standard Time) [[31merror[39m] : *** Authentication Error 
15:21:59 GMT-0500 (Eastern Standard Time) [[31merror[39m] : 403 
15:21:59 GMT-0500 (Eastern Standard Time) [[31merror[39m] : Forbidden 
16:40:16 GMT-0500 (Eastern Standard Time) [[31merror[39m] : 502 
16:40:16 GMT-0500 (Eastern Standard Time) [[31merror[39m] : Bad Gateway 
16:42:28 GMT-0500 (Eastern Standard Time) [[31merror[39m] : ***Err: TypeError: Cannot read properties of undefined (reading 'split') 
16:46:28 GMT-0500 (Eastern Standard Time) [[31merror[39m] : ***Err: TypeError: Cannot read properties of undefined (reading 'split') 
16:47:00 GMT-0500 (Eastern Standard Time) [[31merror[39m] : ***Err: TypeError: Cannot read properties of undefined (reading 'split') 
16:54:21 GMT-0500 (Eastern Standard Time) [[31merror[39m] : ***Err: TypeError: Cannot read properties of undefined (reading 'split') 
16:55:20 GMT-0500 (Eastern Standard Time) [[31merror[39m] : ***Err: TypeError: Cannot read properties of undefined (reading 'split') 
16:56:17 GMT-0500 (Eastern Standard Time) [[31merror[39m] : ***Err: TypeError: Cannot read properties of undefined (reading 'split') 
16:57:00 GMT-0500 (Eastern Standard Time) [[31merror[39m] : ***Err: TypeError: Cannot read properties of undefined (reading 'split') 
16:57:19 GMT-0500 (Eastern Standard Time) [[31merror[39m] : ***Err: TypeError: Cannot read properties of undefined (reading 'split') 
16:59:53 GMT-0500 (Eastern Standard Time) [[31merror[39m] : 502 
16:59:53 GMT-0500 (Eastern Standard Time) [[31merror[39m] : Bad Gateway 
17:07:41 GMT-0500 (Eastern Standard Time) [[31merror[39m] : 403 
17:07:41 GMT-0500 (Eastern Standard Time) [[31merror[39m] : Forbidden 
17:08:32 GMT-0500 (Eastern Standard Time) [[31merror[39m] : 403 
17:08:32 GMT-0500 (Eastern Standard Time) [[31merror[39m] : Forbidden 
18:09:07 GMT-0500 (Eastern Standard Time) [[31merror[39m] : 403 
18:09:07 GMT-0500 (Eastern Standard Time) [[31merror[39m] : Forbidden 
18:13:37 GMT-0500 (Eastern Standard Time) [[31merror[39m] : 500 
18:13:37 GMT-0500 (Eastern Standard Time) [[31merror[39m] : Internal Server Error 
18:14:27 GMT-0500 (Eastern Standard Time) [[31merror[39m] : 500 
18:14:27 GMT-0500 (Eastern Standard Time) [[31merror[39m] : Internal Server Error 
18:14:57 GMT-0500 (Eastern Standard Time) [[31merror[39m] : 300 
18:14:57 GMT-0500 (Eastern Standard Time) [[31merror[39m] : Multiple Choices 
18:16:20 GMT-0500 (Eastern Standard Time) [[31merror[39m] : 455 
18:16:20 GMT-0500 (Eastern Standard Time) [[31merror[39m] :  
18:16:58 GMT-0500 (Eastern Standard Time) [[31merror[39m] : 455 
18:16:58 GMT-0500 (Eastern Standard Time) [[31merror[39m] :  
18:18:10 GMT-0500 (Eastern Standard Time) [[31merror[39m] : 455 
18:18:10 GMT-0500 (Eastern Standard Time) [[31merror[39m] :  
18:21:13 GMT-0500 (Eastern Standard Time) [[31merror[39m] : 502 
18:21:13 GMT-0500 (Eastern Standard Time) [[31merror[39m] : Bad Gateway 
18:21:49 GMT-0500 (Eastern Standard Time) [[31merror[39m] : 455 
18:21:49 GMT-0500 (Eastern Standard Time) [[31merror[39m] :  
18:23:31 GMT-0500 (Eastern Standard Time) [[31merror[39m] : Error: 455 
18:23:31 GMT-0500 (Eastern Standard Time) [[31merror[39m] : undefined: Invalid Token. Please login! 
18:23:59 GMT-0500 (Eastern Standard Time) [[31merror[39m] : Error: 455 
18:23:59 GMT-0500 (Eastern Standard Time) [[31merror[39m] : undefined: Invalid Token. Please login! 
18:24:52 GMT-0500 (Eastern Standard Time) [[31merror[39m] : Error: 455 
18:24:52 GMT-0500 (Eastern Standard Time) [[31merror[39m] : undefined: Invalid Token. Please login! 
18:25:42 GMT-0500 (Eastern Standard Time) [[31merror[39m] : Error: 455 
18:25:42 GMT-0500 (Eastern Standard Time) [[31merror[39m] : 455: Invalid Token. Please login! 
18:27:47 GMT-0500 (Eastern Standard Time) [[31merror[39m] : *** Authentication Error 
15:09:11 GMT-0500 (Eastern Standard Time) [[31merror[39m] : Error: 455 
15:09:11 GMT-0500 (Eastern Standard Time) [[31merror[39m] : Invalid Token. Please login! 
